Wrote requirements.txt with 10 dependencies
Resolved 83 packages in 1ms
Audited 82 packages in 14ms
All checks passed!
All done! \u2728 \U0001f370 \u2728
196 files would be left unchanged.
Success: no issues found in 190 source files
============================= test session starts =============================
platform win32 -- Python 3.12.7, pytest-8.4.2, pluggy-1.6.0
rootdir: D:\AI\aegissec\apps\api
configfile: pyproject.toml
testpaths: tests
plugins: anyio-4.13.0, langsmith-0.7.22
collected 304 items

tests\test_alembic.py .                                                  [  0%]
tests\test_assistant_wave_runtime.py ...                                 [  1%]
tests\test_auth.py ..                                                    [  1%]
tests\test_chat_runtime.py ..............................                [ 11%]
tests\test_compact_runtime.py ....                                       [ 13%]
tests\test_continuation_store.py ....                                    [ 14%]
tests\test_db_bootstrap.py ...                                           [ 15%]
tests\test_db_session.py .                                               [ 15%]
tests\test_graph_builders.py ............                                [ 19%]
tests\test_graph_service.py ....                                         [ 21%]
tests\test_graphs.py ..........                                          [ 24%]
tests\test_harness_executor.py ..                                        [ 25%]
tests\test_harness_governance.py ...                                     [ 25%]
tests\test_harness_phase3.py ..                                          [ 26%]
tests\test_harness_scheduling.py .                                       [ 26%]
tests\test_harness_swarm.py ..                                           [ 27%]
tests\test_health.py ....                                                [ 28%]
tests\test_logging_middleware.py .                                       [ 29%]
tests\test_mcp.py .................                                      [ 34%]
tests\test_mcp_client_manager.py ...........                             [ 38%]
tests\test_memory_service.py ......                                      [ 40%]
tests\test_module_e_integration.py ..                                    [ 41%]
tests\test_p2_reserves.py ...                                            [ 42%]
tests\test_projects.py ..                                                [ 42%]
tests\test_prompting.py ..............                                   [ 47%]
tests\test_runtime.py ........                                           [ 50%]
tests\test_sessions.py ................................................. [ 66%]
....                                                                     [ 67%]
tests\test_settings.py .....                                             [ 69%]
tests\test_settings_api.py ....                                          [ 70%]
tests\test_skill_resolution.py ....................                      [ 76%]
tests\test_skill_service_resolution.py .........                         [ 79%]
tests\test_skills.py ........................................            [ 93%]
tests\test_token_budget.py ..                                            [ 93%]
tests\test_tool_pipeline.py ........                                     [ 96%]
tests\test_workbench_runtime.py ...                                      [ 97%]
tests\test_workflow_graph_slice.py ..                                    [ 98%]
tests\test_workflow_repository.py ......                                 [100%]

============================== warnings summary ===============================
tests/test_alembic.py::test_alembic_upgrade_head_creates_module_a_tables
  D:\AI\aegissec\apps\api\.venv\Lib\site-packages\alembic\config.py:612: DeprecationWarning: No path_separator found in configuration; falling back to legacy splitting on spaces, commas, and colons for prepend_sys_path.  Consider adding path_separator=os to Alembic config.
    util.warn_deprecated(

-- Docs: https://docs.pytest.org/en/stable/how-to/capture-warnings.html
================= 304 passed, 1 warning in 157.38s (0:02:37) ==================
D:\AI\aegissec\apps\web\src\generated\api-schema.json
Lockfile is up to date, resolution step is skipped
Already up to date

╭ Warning ─────────────────────────────────────────────────────────────────────╮
│                                                                              │
│   Ignored build scripts: esbuild.                                            │
│   Run "pnpm approve-builds" to pick which dependencies should be allowed     │
│   to run scripts.                                                            │
│                                                                              │
╰──────────────────────────────────────────────────────────────────────────────╯

Done in 960ms using pnpm v10.15.1

> aegissec-web@0.1.0 lint D:\AI\aegissec\apps\web
> eslint .


> aegissec-web@0.1.0 format:check D:\AI\aegissec\apps\web
> prettier --check . --ignore-path ../../.prettierignore

Checking formatting...
[[33mwarn[39m] src/components/AttackGraphCanvas.utils.ts
[[33mwarn[39m] src/components/AttackGraphWorkbench.tsx
[[33mwarn[39m] src/components/ConversationFeed.test.tsx
[[33mwarn[39m] src/components/ConversationFeed.tsx
[[33mwarn[39m] src/components/McpWorkbench.tsx
[[33mwarn[39m] src/components/RuntimeWorkspace.tsx
[[33mwarn[39m] src/components/SessionWorkspaceWorkbench.test.tsx
[[33mwarn[39m] src/components/SessionWorkspaceWorkbench.tsx
[[33mwarn[39m] src/components/SkillsWorkbench.tsx
[[33mwarn[39m] src/components/WorkbenchComposer.test.tsx
[[33mwarn[39m] src/components/WorkbenchComposer.tsx
[[33mwarn[39m] src/hooks/useSessionEvents.test.tsx
[[33mwarn[39m] src/hooks/useWorkspaceSplitPane.ts
[[33mwarn[39m] src/lib/sessionUtils.ts
[[33mwarn[39m] src/styles.css
[[33mwarn[39m] Code style issues found in 15 files. Run Prettier with --write to fix.
 ELIFECYCLE  Command failed with exit code 1.
Traceback (most recent call last):
  File "d:\AI\aegissec\scripts\check.py", line 40, in <module>
    sys.exit(main())
             ^^^^^^
  File "d:\AI\aegissec\scripts\check.py", line 32, in main
    run([*PNPM, "format:check"], WEB_DIR)
  File "d:\AI\aegissec\scripts\check.py", line 15, in run
    subprocess.run(command, cwd=workdir, check=True)
  File "C:\ProgramData\anaconda3\Lib\subprocess.py", line 571, in run
    raise CalledProcessError(retcode, process.args,
subprocess.CalledProcessError: Command '['corepack.cmd', 'pnpm', 'format:check']' returned non-zero exit status 1.
